<?xml version="1.0" encoding="UTF-8"?>
<!-- Generated by org.testng.reporters.JUnitReportReporter -->
<testsuite hostname="Bhargav" failures="0" tests="1" name="testng.demo.training" time="0.026" errors="0" timestamp="19 Feb 2021 19:28:14 GMT" skipped="0">
  <testcase classname="testng.demo.training" name="test1" time="0.026"/>
</testsuite> <!-- testng.demo.training -->
