<?xml version="1.0" encoding="UTF-8"?>
<!-- Generated by org.testng.reporters.JUnitReportReporter -->
<testsuite hostname="Bhargav" failures="0" tests="1" name="parameter.parameterTestcase" time="0.020" errors="0" timestamp="19 Feb 2021 19:55:22 GMT" skipped="0">
  <testcase classname="parameter.parameterTestcase" name="login" time="0.020"/>
</testsuite> <!-- parameter.parameterTestcase -->
